<?xml version="1.0" encoding="UTF-8" ?>
<testsuite tests="1" failures="1" name="TestSuite" time="48.989" errors="0" skipped="0">
  <properties>
    <property name="java.runtime.name" value="Java(TM) SE Runtime Environment"/>
    <property name="suite.name" value="testng-suites\buyTicket-suite.xml"/>
    <property name="sun.boot.library.path" value="C:\Program Files\Java\jdk1.8.0_66\jre\bin"/>
    <property name="java.vm.version" value="25.66-b18"/>
    <property name="java.vm.vendor" value="Oracle Corporation"/>
    <property name="maven.multiModuleProjectDirectory" value="D:\PROGRAMMIROVANIE\MY_JAVA\intellijProjects\tickets_ua"/>
    <property name="java.vendor.url" value="http://java.oracle.com/"/>
    <property name="path.separator" value=";"/>
    <property name="guice.disable.misplaced.annotation.check" value="true"/>
    <property name="java.vm.name" value="Java HotSpot(TM) Client VM"/>
    <property name="file.encoding.pkg" value="sun.io"/>
    <property name="user.script" value=""/>
    <property name="user.country" value="RU"/>
    <property name="sun.java.launcher" value="SUN_STANDARD"/>
    <property name="sun.os.patch.level" value="Service Pack 1"/>
    <property name="java.vm.specification.name" value="Java Virtual Machine Specification"/>
    <property name="user.dir" value="D:\PROGRAMMIROVANIE\MY_JAVA\intellijProjects\tickets_ua"/>
    <property name="java.runtime.version" value="1.8.0_66-b18"/>
    <property name="java.awt.graphicsenv" value="sun.awt.Win32GraphicsEnvironment"/>
    <property name="java.endorsed.dirs" value="C:\Program Files\Java\jdk1.8.0_66\jre\lib\endorsed"/>
    <property name="os.arch" value="x86"/>
    <property name="java.io.tmpdir" value="C:\Users\Nazar\AppData\Local\Temp\"/>
    <property name="line.separator" value="
"/>
    <property name="java.vm.specification.vendor" value="Oracle Corporation"/>
    <property name="user.variant" value=""/>
    <property name="os.name" value="Windows 7"/>
    <property name="classworlds.conf" value="D:\PROGRAMMIROVANIE\MY_JAVA\apache-maven-3.3.9\bin\m2.conf"/>
    <property name="sun.jnu.encoding" value="Cp1251"/>
    <property name="java.library.path" value="C:\Program Files\Java\jdk1.8.0_66\bin;C:\Windows\Sun\Java\bin;C:\Windows\system32;C:\Windows;C:\ProgramData\Oracle\Java\javapath;C:\Windows\system32;C:\Windows;C:\Windows\System32\Wbem;C:\Windows\System32\WindowsPowerShell\v1.0\;D:\PROGRAMMIROVANIE\MY_JAVA\apache-maven-3.3.9\bin;C:\Program Files\Java\jdk1.8.0_66;C:\Program Files\Git\cmd;C:\Program Files;C:\Program Files\Skype\Phone\;D:\ANDROIDsdk\tools;D:\ANDROIDsdk\platform-tools;C:\Program Files\nodejs\;D:\PROGRAMMIROVANIE\MY_JAVA\pycharmProjects\newproj\drivers\firefox;C:\Users\Nazar\AppData\Local\Programs\Python\Python35-32\Scripts\;C:\Users\Nazar\AppData\Local\Programs\Python\Python35-32\;C:\Users\Nazar\AppData\Roaming\npm;D:\PROGRAMMIROVANIE\MY_JAVA\apache-maven-3.3.9\bin;D:\PROGRAMMIROVANIE\MY_JAVA\pycharmProjects\newproj\drivers\firefox;."/>
    <property name="java.specification.name" value="Java Platform API Specification"/>
    <property name="java.class.version" value="52.0"/>
    <property name="sun.management.compiler" value="HotSpot Client Compiler"/>
    <property name="os.version" value="6.1"/>
    <property name="user.home" value="C:\Users\Nazar"/>
    <property name="user.timezone" value="Europe/Helsinki"/>
    <property name="java.awt.printerjob" value="sun.awt.windows.WPrinterJob"/>
    <property name="java.specification.version" value="1.8"/>
    <property name="file.encoding" value="Cp1251"/>
    <property name="user.name" value="Nazar"/>
    <property name="java.class.path" value="D:\PROGRAMMIROVANIE\MY_JAVA\apache-maven-3.3.9\boot\plexus-classworlds-2.5.2.jar"/>
    <property name="java.vm.specification.version" value="1.8"/>
    <property name="sun.arch.data.model" value="32"/>
    <property name="java.home" value="C:\Program Files\Java\jdk1.8.0_66\jre"/>
    <property name="sun.java.command" value="org.codehaus.plexus.classworlds.launcher.Launcher -Dsuite.name=testng-suites\buyTicket-suite.xml clean test"/>
    <property name="java.specification.vendor" value="Oracle Corporation"/>
    <property name="user.language" value="ru"/>
    <property name="awt.toolkit" value="sun.awt.windows.WToolkit"/>
    <property name="java.vm.info" value="mixed mode"/>
    <property name="java.version" value="1.8.0_66"/>
    <property name="java.ext.dirs" value="C:\Program Files\Java\jdk1.8.0_66\jre\lib\ext;C:\Windows\Sun\Java\lib\ext"/>
    <property name="sun.boot.class.path" value="C:\Program Files\Java\jdk1.8.0_66\jre\lib\resources.jar;C:\Program Files\Java\jdk1.8.0_66\jre\lib\rt.jar;C:\Program Files\Java\jdk1.8.0_66\jre\lib\sunrsasign.jar;C:\Program Files\Java\jdk1.8.0_66\jre\lib\jsse.jar;C:\Program Files\Java\jdk1.8.0_66\jre\lib\jce.jar;C:\Program Files\Java\jdk1.8.0_66\jre\lib\charsets.jar;C:\Program Files\Java\jdk1.8.0_66\jre\lib\jfr.jar;C:\Program Files\Java\jdk1.8.0_66\jre\classes"/>
    <property name="sun.stderr.encoding" value="cp866"/>
    <property name="java.vendor" value="Oracle Corporation"/>
    <property name="maven.home" value="D:\PROGRAMMIROVANIE\MY_JAVA\apache-maven-3.3.9"/>
    <property name="file.separator" value="\"/>
    <property name="java.vendor.url.bug" value="http://bugreport.sun.com/bugreport/"/>
    <property name="sun.cpu.endian" value="little"/>
    <property name="sun.io.unicode.encoding" value="UnicodeLittle"/>
    <property name="sun.stdout.encoding" value="cp866"/>
    <property name="sun.desktop" value="windows"/>
    <property name="sun.cpu.isalist" value="pentium_pro+mmx pentium_pro pentium+mmx pentium i486 i386 i86"/>
  </properties>
  <testcase classname="gdTicketsUaDesctopTest.buyTicketTestSuite.BuyTicket_001_BuyRoundTicketTestCase" name="test_001" time="48.989">
    <failure type="java.lang.NullPointerException">java.lang.NullPointerException
	at java.lang.String.contains(String.java:2133)
	at gdTicketsUaDesctop.pages.PurchasePage.lambda$confirmTrain$7(PurchasePage.java:57)
	at java.util.stream.MatchOps$1MatchSink.accept(MatchOps.java:90)
	at java.util.stream.ReferencePipeline$11$1.accept(ReferencePipeline.java:373)
	at java.util.stream.ReferencePipeline$3$1.accept(ReferencePipeline.java:193)
	at java.util.ArrayList$ArrayListSpliterator.tryAdvance(ArrayList.java:1351)
	at java.util.stream.ReferencePipeline.forEachWithCancel(ReferencePipeline.java:126)
	at java.util.stream.AbstractPipeline.copyIntoWithCancel(AbstractPipeline.java:498)
	at java.util.stream.AbstractPipeline.copyInto(AbstractPipeline.java:485)
	at java.util.stream.AbstractPipeline.wrapAndCopyInto(AbstractPipeline.java:471)
	at java.util.stream.MatchOps$MatchOp.evaluateSequential(MatchOps.java:230)
	at java.util.stream.MatchOps$MatchOp.evaluateSequential(MatchOps.java:196)
	at java.util.stream.AbstractPipeline.evaluate(AbstractPipeline.java:234)
	at java.util.stream.ReferencePipeline.anyMatch(ReferencePipeline.java:449)
	at gdTicketsUaDesctop.pages.PurchasePage.confirmTrain(PurchasePage.java:57)
	at gdTicketsUaDesctopTest.buyTicketTestSuite.BuyTicket_001_BuyRoundTicketTestCase.test_001(BuyTicket_001_BuyRoundTicketTestCase.java:46)
</failure>
    <system-out>Configuring TestNG with: org.apache.maven.surefire.testng.conf.TestNG652Configurator@2decdb
2016-11-06 12:40:36,999 INFO  [] ================================================================= 
2016-11-06 12:40:36,999 INFO  [] Test suite started 
2016-11-06 12:40:36,999 INFO  [] ================================================================= 
2016-11-06 12:40:36,999 INFO  [] ================================================================= 
2016-11-06 12:40:36,999 INFO  [] TestCase: &quot;BuyTicket_001_BuyRoundTicketTestCase&quot; started 
2016-11-06 12:40:36,999 INFO  [] ================================================================= 
2016-11-06 12:40:36,999 INFO  [] Used FirefoxDriver for Windows 
2016-11-06 12:41:04,208 INFO  [] Used Firefox driver 
2016-11-06 12:41:05,512 INFO  [] Move to coordinate 0x0 
2016-11-06 12:41:05,512 INFO  [] Maximize window 
2016-11-06 12:41:14,829 INFO  [] Go to: https://gd.tickets.ua/ 
2016-11-06 12:41:16,856 INFO  [] Click on &quot;&apos;Р’ РѕР±Рµ СЃС‚РѕСЂРѕРЅС‹&apos;&quot; //*[@id=&apos;round_trip&apos;]/following-sibling::* 
2016-11-06 12:41:16,856 INFO  [] ----------- Arrival point ----------- 
2016-11-06 12:41:17,507 INFO  [] &quot;Киев &quot; has been send to &quot;РљСѓРґР°&quot; //*[@id=&apos;to_name&apos;] 
2016-11-06 12:41:18,578 INFO  [] ENTER has been pressed 
2016-11-06 12:41:19,137 INFO  [] Click on &quot;Р”Р°С‚Р° РљСѓРґР°&quot; //*[@id=&apos;departure_date_back&apos;] 
2016-11-06 12:41:19,658 INFO  [] Click on &quot;24.10.2016&quot; //*[@data-year=&apos;2016&apos; and @data-month=&apos;10&apos;]/*[text()=&apos;24&apos;] 
2016-11-06 12:41:19,658 INFO  [] --------- Departure point --------- 
2016-11-06 12:41:20,118 INFO  [] &quot;Львов &quot; has been send to &quot;РћС‚РєСѓРґР°&quot; //*[@id=&apos;from_name_as&apos;] 
2016-11-06 12:41:21,335 INFO  [] ENTER has been pressed 
2016-11-06 12:41:21,595 INFO  [] Click on &quot;Р”Р°С‚Р° РћС‚РєСѓРґР°&quot; //*[@id=&apos;departure_date&apos;] 
2016-11-06 12:41:21,753 INFO  [] Click on &quot;19.10.2016&quot; //*[@data-year=&apos;2016&apos; and @data-month=&apos;10&apos;]/*[text()=&apos;19&apos;] 
2016-11-06 12:41:23,674 INFO  [] Click on &quot;РџРѕРёСЃРє&quot; //*[contains(@class,&apos;main-search__block&apos;)]//*[@type=&apos;submit&apos;] 
2016-11-06 12:41:30,040 INFO  [] --------------- Train ------------- 
2016-11-06 12:41:30,040 INFO  [] Р’С‹Р±СЂР°С‚СЊ: РџРѕРµР·Рґ 
2016-11-06 12:41:30,057 INFO  [] 092Л  
2016-11-06 12:41:30,363 INFO  [] Click on &quot;Р’С‹Р±СЂР°С‚СЊ: РўРёРї&quot; ((//*[contains(@class,&apos;free-places&apos;) and preceding-sibling::*[contains(@class,&apos;train&apos;)]])[10]//span/../a)[2] 
2016-11-06 12:41:30,411 INFO  [] Купе 
2016-11-06 12:41:33,773 INFO  [] Click on &quot;Р’С‹Р±СЂР°С‚СЊ: РњРµСЃС‚Рѕ&quot; (//*[contains(@class,&apos;sits_block&apos;)]//a)[8] 
2016-11-06 12:41:34,648 INFO  [] 10 
2016-11-06 12:41:35,198 INFO  [] &quot;Юзвишин &quot; has been send to &quot;Р¤Р°РјРёР»РёСЏ&quot; //*[contains(@id,&apos;lastname&apos;)] 
2016-11-06 12:41:37,111 INFO  [] &quot;Назар &quot; has been send to &quot;Р?РјСЏ&quot; //*[contains(@id,&apos;firstname&apos;)] 
2016-11-06 12:41:37,719 INFO  [] &quot;1478428836607@inbox.ru &quot; has been send to &quot;Email&quot; //*[@id=&apos;user_form&apos;]//*[@id=&apos;email&apos;] 
2016-11-06 12:41:38,209 INFO  [] &quot;905147405 &quot; has been send to &quot;РќРѕРјРµСЂ С‚РµР»РµС„РѕРЅР°&quot; //*[@id=&apos;buyer_data&apos;]//*[@id=&apos;phone_number&apos;] 
2016-11-06 12:41:38,379 INFO  [] Click on &quot;РЇ РїСЂРёРЅРёРјР°СЋ РїСЂР°РІРёР»Р° РїСѓР±Р»РёС‡РЅРѕР№ РѕС„РµСЂС‚С‹&quot; //*[@id=&apos;i_accept_offerta&apos;]/.. 
2016-11-06 12:41:38,439 INFO  [] 317 UAH 
2016-11-06 12:41:38,449 INFO  [] ----------------------------------- 
2016-11-06 12:41:38,741 INFO  [] Click on &quot;РџСЂРѕРґРѕР»Р¶РёС‚СЊ&quot; //*[contains(@class,&apos;buy-block&apos;)]//*[@type=&apos;submit&apos;] 
2016-11-06 12:41:43,034 INFO  [] --------------- Train ------------- 
2016-11-06 12:41:43,034 INFO  [] Р’С‹Р±СЂР°С‚СЊ: РџРѕРµР·Рґ 
2016-11-06 12:41:43,054 INFO  [] 115О  
2016-11-06 12:41:43,404 INFO  [] Click on &quot;Р’С‹Р±СЂР°С‚СЊ: РўРёРї&quot; ((//*[contains(@class,&apos;free-places&apos;) and preceding-sibling::*[contains(@class,&apos;train&apos;)]])[2]//span/../a)[1] 
2016-11-06 12:41:43,444 INFO  [] Люкс 
2016-11-06 12:41:47,549 INFO  [] Click on &quot;Р’С‹Р±СЂР°С‚СЊ: РњРµСЃС‚Рѕ&quot; (//*[contains(@class,&apos;sits_block&apos;)]//a)[4] 
2016-11-06 12:41:47,669 INFO  [] 4 
2016-11-06 12:41:47,750 INFO  [] 710 UAH 
2016-11-06 12:41:47,770 INFO  [] ----------------------------------- 
2016-11-06 12:41:48,100 INFO  [] Click on &quot;РџСЂРѕРґРѕР»Р¶РёС‚СЊ&quot; //*[contains(@class,&apos;buy-block&apos;)]//*[@type=&apos;submit&apos;] 
2016-11-06 12:41:54,497 INFO  [] Поезд №092Л &gt;-&lt; null 
</system-out>
  </testcase>
</testsuite>